
===== deploy run: 2026-07-14 16:52:00 UTC =====
The following potential problems were identified in the project files:

--------
deploy.R
--------
The following lines contain absolute paths:
10: log_con <- file("/root/crom/logs/deploy.log", open = "at")

Paths should be to files within the project directory.If your code fails to run post-deployment, please double-check these messages.
── Preparing for deployment ────────────────────────────────────────────────────
✔ Re-deploying "CROM" using "server: shinyapps.io / username: apanalytics"
ℹ Looking up application with id 17604604...
✔ Found application <https://apanalytics.shinyapps.io/CROM/>
ℹ Bundling 26 files: 'app.R', 'data/hitting_L15.rds', 'data/hitting_L30.rds', 'data/hitting_L60.rds', 'data/hitting_season.rds', 'data/meta.rds', 'data/pitching_L15.rds', 'data/pitching_L30.rds', 'data/pitching_L60.rds', 'data/pitching_season.rds', 'data/proj_hitting.rds', 'data/proj_pitching.rds', 'data/rosproj_hitting.rds', 'data/rosproj_pitching.rds', 'data_refresh.R', 'deploy.R', 'LICENSE', 'logs/deploy.log', …, 'www/crom_wordmark.png', and 'www/crom.png'
ℹ Capturing R dependencies
✔ Found 91 dependencies
✔ Created 12,897,436b bundle
ℹ Uploading bundle...
✔ Uploaded bundle with id 12266960
── Deploying to server ─────────────────────────────────────────────────────────
Waiting for task: 1718517380
  building: Processing bundle: 12266960
  building: Building image: 15233678
  building: Installing system dependencies
  building: Fetching packages
  building: Installing packages
  building: Installing files
  building: Pushing image: 15233678
  deploying: Starting instances
  terminating: Stopping old instances
── Deployment complete ─────────────────────────────────────────────────────────
✔ Successfully deployed to <https://apanalytics.shinyapps.io/CROM/>
===== deploy succeeded: 2026-07-14 16:54:24 UTC =====

===== deploy run: 2026-07-14 16:58:06 UTC =====
── Preparing for deployment ────────────────────────────────────────────────────
✔ Re-deploying "CROM" using "server: shinyapps.io / username: apanalytics"
ℹ Looking up application with id "17604604"...
✔ Found application <https://apanalytics.shinyapps.io/CROM/>
ℹ Bundling 20 files: 'app.R', 'R/fangraphs.R', 'R/projections.R', 'R/rankings.R', 'R/style.R', 'R/teams.R', 'data/hitting_L15.rds', 'data/hitting_L30.rds', 'data/hitting_L60.rds', 'data/hitting_season.rds', 'data/meta.rds', 'data/pitching_L15.rds', 'data/pitching_L30.rds', 'data/pitching_L60.rds', 'data/pitching_season.rds', 'data/proj_hitting.rds', 'data/proj_pitching.rds', 'data/rosproj_hitting.rds', 'data/rosproj_pitching.rds', and 'www/crom.png'
ℹ Capturing R dependencies
✔ Found 86 dependencies
✔ Created 4,549,613b bundle
ℹ Uploading bundle...
✔ Uploaded bundle with id 12266977
── Deploying to server ─────────────────────────────────────────────────────────
Waiting for task: 1718519769

> sink(log_con, type = "message")

> on.exit(
+   {
+     sink(type = "message")
+     sink()
+     close(log_con)
+   },
+   add = TRUE
+ )

> sink(log_con, type = "message")

> on.exit(
+   {
+     sink(type = "message")
+     sink()
+     close(log_con)
+   },
+   add = TRUE
+ )
